Analysis & Elaboration report for CPU_AES
Fri Sep 27 02:14:56 2024
Quartus Prime Version 22.1std.2 Build 922 07/20/2023 SC Lite Edition


---------------------
; Table of Contents ;
---------------------
  1. Legal Notice
  2. Analysis & Elaboration Summary
  3. Parallel Compilation
  4. Analysis & Elaboration Settings
  5. Port Connectivity Checks: "ALU:ALU_p3"
  6. Port Connectivity Checks: "ALU:ALU_p2"
  7. Port Connectivity Checks: "ALU:ALU_p1"
  8. Port Connectivity Checks: "ALU:ALU_p0"
  9. Analysis & Elaboration Messages



----------------
; Legal Notice ;
----------------
Copyright (C) 2023  Intel Corporation. All rights reserved.
Your use of Intel Corporation's design tools, logic functions 
and other software and tools, and any partner logic 
functions, and any output files from any of the foregoing 
(including device programming or simulation files), and any 
associated documentation or information are expressly subject 
to the terms and conditions of the Intel Program License 
Subscription Agreement, the Intel Quartus Prime License Agreement,
the Intel FPGA IP License Agreement, or other applicable license
agreement, including, without limitation, that your use is for
the sole purpose of programming logic devices manufactured by
Intel and sold by Intel or its authorized distributors.  Please
refer to the applicable agreement for further details, at
https://fpgasoftware.intel.com/eula.



+--------------------------------------------------------------------------------+
; Analysis & Elaboration Summary                                                 ;
+-------------------------------+------------------------------------------------+
; Analysis & Elaboration Status ; Successful - Fri Sep 27 02:14:56 2024          ;
; Quartus Prime Version         ; 22.1std.2 Build 922 07/20/2023 SC Lite Edition ;
; Revision Name                 ; CPU_AES                                        ;
; Top-level Entity Name         ; parallelALUs                                   ;
; Family                        ; Cyclone V                                      ;
; Logic utilization (in ALMs)   ; N/A until Partition Merge                      ;
; Total registers               ; N/A until Partition Merge                      ;
; Total pins                    ; N/A until Partition Merge                      ;
; Total virtual pins            ; N/A until Partition Merge                      ;
; Total block memory bits       ; N/A until Partition Merge                      ;
; Total PLLs                    ; N/A until Partition Merge                      ;
; Total DLLs                    ; N/A until Partition Merge                      ;
+-------------------------------+------------------------------------------------+


+------------------------------------------+
; Parallel Compilation                     ;
+----------------------------+-------------+
; Processors                 ; Number      ;
+----------------------------+-------------+
; Number detected on machine ; 4           ;
; Maximum allowed            ; 2           ;
;                            ;             ;
; Average used               ; 1.00        ;
; Maximum used               ; 1           ;
;                            ;             ;
; Usage by Processor         ; % Time Used ;
;     Processor 1            ; 100.0%      ;
+----------------------------+-------------+


+---------------------------------------------------------------------------------------------------------------------------+
; Analysis & Elaboration Settings                                                                                           ;
+---------------------------------------------------------------------------------+--------------------+--------------------+
; Option                                                                          ; Setting            ; Default Value      ;
+---------------------------------------------------------------------------------+--------------------+--------------------+
; Device                                                                          ; 5CGXFC7C7F23C8     ;                    ;
; Top-level entity name                                                           ; parallelALUs       ; CPU_AES            ;
; Family name                                                                     ; Cyclone V          ; Cyclone V          ;
; Use smart compilation                                                           ; Off                ; Off                ;
; Enable parallel Assembler and Timing Analyzer during compilation                ; On                 ; On                 ;
; Enable compact report table                                                     ; Off                ; Off                ;
; Restructure Multiplexers                                                        ; Auto               ; Auto               ;
; MLAB Add Timing Constraints For Mixed-Port Feed-Through Mode Setting Don't Care ; Off                ; Off                ;
; Create Debugging Nodes for IP Cores                                             ; Off                ; Off                ;
; Preserve fewer node names                                                       ; On                 ; On                 ;
; Intel FPGA IP Evaluation Mode                                                   ; Enable             ; Enable             ;
; Verilog Version                                                                 ; Verilog_2001       ; Verilog_2001       ;
; VHDL Version                                                                    ; VHDL_1993          ; VHDL_1993          ;
; State Machine Processing                                                        ; Auto               ; Auto               ;
; Safe State Machine                                                              ; Off                ; Off                ;
; Extract Verilog State Machines                                                  ; On                 ; On                 ;
; Extract VHDL State Machines                                                     ; On                 ; On                 ;
; Ignore Verilog initial constructs                                               ; Off                ; Off                ;
; Iteration limit for constant Verilog loops                                      ; 5000               ; 5000               ;
; Iteration limit for non-constant Verilog loops                                  ; 250                ; 250                ;
; Add Pass-Through Logic to Inferred RAMs                                         ; On                 ; On                 ;
; Infer RAMs from Raw Logic                                                       ; On                 ; On                 ;
; Parallel Synthesis                                                              ; On                 ; On                 ;
; DSP Block Balancing                                                             ; Auto               ; Auto               ;
; NOT Gate Push-Back                                                              ; On                 ; On                 ;
; Power-Up Don't Care                                                             ; On                 ; On                 ;
; Remove Redundant Logic Cells                                                    ; Off                ; Off                ;
; Remove Duplicate Registers                                                      ; On                 ; On                 ;
; Ignore CARRY Buffers                                                            ; Off                ; Off                ;
; Ignore CASCADE Buffers                                                          ; Off                ; Off                ;
; Ignore GLOBAL Buffers                                                           ; Off                ; Off                ;
; Ignore ROW GLOBAL Buffers                                                       ; Off                ; Off                ;
; Ignore LCELL Buffers                                                            ; Off                ; Off                ;
; Ignore SOFT Buffers                                                             ; On                 ; On                 ;
; Limit AHDL Integers to 32 Bits                                                  ; Off                ; Off                ;
; Optimization Technique                                                          ; Balanced           ; Balanced           ;
; Carry Chain Length                                                              ; 70                 ; 70                 ;
; Auto Carry Chains                                                               ; On                 ; On                 ;
; Auto Open-Drain Pins                                                            ; On                 ; On                 ;
; Perform WYSIWYG Primitive Resynthesis                                           ; Off                ; Off                ;
; Auto ROM Replacement                                                            ; On                 ; On                 ;
; Auto RAM Replacement                                                            ; On                 ; On                 ;
; Auto DSP Block Replacement                                                      ; On                 ; On                 ;
; Auto Shift Register Replacement                                                 ; Auto               ; Auto               ;
; Allow Shift Register Merging across Hierarchies                                 ; Auto               ; Auto               ;
; Auto Clock Enable Replacement                                                   ; On                 ; On                 ;
; Strict RAM Replacement                                                          ; Off                ; Off                ;
; Allow Synchronous Control Signals                                               ; On                 ; On                 ;
; Force Use of Synchronous Clear Signals                                          ; Off                ; Off                ;
; Auto Resource Sharing                                                           ; Off                ; Off                ;
; Allow Any RAM Size For Recognition                                              ; Off                ; Off                ;
; Allow Any ROM Size For Recognition                                              ; Off                ; Off                ;
; Allow Any Shift Register Size For Recognition                                   ; Off                ; Off                ;
; Use LogicLock Constraints during Resource Balancing                             ; On                 ; On                 ;
; Ignore translate_off and synthesis_off directives                               ; Off                ; Off                ;
; Timing-Driven Synthesis                                                         ; On                 ; On                 ;
; Report Parameter Settings                                                       ; On                 ; On                 ;
; Report Source Assignments                                                       ; On                 ; On                 ;
; Report Connectivity Checks                                                      ; On                 ; On                 ;
; Ignore Maximum Fan-Out Assignments                                              ; Off                ; Off                ;
; Synchronization Register Chain Length                                           ; 3                  ; 3                  ;
; Power Optimization During Synthesis                                             ; Normal compilation ; Normal compilation ;
; HDL message level                                                               ; Level2             ; Level2             ;
; Suppress Register Optimization Related Messages                                 ; Off                ; Off                ;
; Number of Removed Registers Reported in Synthesis Report                        ; 5000               ; 5000               ;
; Number of Swept Nodes Reported in Synthesis Report                              ; 5000               ; 5000               ;
; Number of Inverted Registers Reported in Synthesis Report                       ; 100                ; 100                ;
; Clock MUX Protection                                                            ; On                 ; On                 ;
; Auto Gated Clock Conversion                                                     ; Off                ; Off                ;
; Block Design Naming                                                             ; Auto               ; Auto               ;
; SDC constraint protection                                                       ; Off                ; Off                ;
; Synthesis Effort                                                                ; Auto               ; Auto               ;
; Shift Register Replacement - Allow Asynchronous Clear Signal                    ; On                 ; On                 ;
; Pre-Mapping Resynthesis Optimization                                            ; Off                ; Off                ;
; Analysis & Synthesis Message Level                                              ; Medium             ; Medium             ;
; Disable Register Merging Across Hierarchies                                     ; Auto               ; Auto               ;
; Resource Aware Inference For Block RAM                                          ; On                 ; On                 ;
; Automatic Parallel Synthesis                                                    ; On                 ; On                 ;
; Partial Reconfiguration Bitstream ID                                            ; Off                ; Off                ;
+---------------------------------------------------------------------------------+--------------------+--------------------+


+----------------------------------------------------------------------------------------------------------------------------+
; Port Connectivity Checks: "ALU:ALU_p3"                                                                                     ;
+------------------+--------+----------+-------------------------------------------------------------------------------------+
; Port             ; Type   ; Severity ; Details                                                                             ;
+------------------+--------+----------+-------------------------------------------------------------------------------------+
; index            ; Input  ; Info     ; Stuck at VCC                                                                        ;
; counter[2..0]    ; Input  ; Info     ; Stuck at GND                                                                        ;
; counter[3]       ; Input  ; Info     ; Stuck at VCC                                                                        ;
; ALUcontrol[3..1] ; Input  ; Info     ; Stuck at GND                                                                        ;
; ALUcontrol[4]    ; Input  ; Info     ; Stuck at VCC                                                                        ;
; ALUcontrol[0]    ; Input  ; Info     ; Stuck at VCC                                                                        ;
; SrcB[18..17]     ; Input  ; Info     ; Stuck at VCC                                                                        ;
; SrcB[5..2]       ; Input  ; Info     ; Stuck at VCC                                                                        ;
; SrcB[31..24]     ; Input  ; Info     ; Stuck at GND                                                                        ;
; SrcB[20..19]     ; Input  ; Info     ; Stuck at GND                                                                        ;
; SrcB[14..12]     ; Input  ; Info     ; Stuck at GND                                                                        ;
; SrcB[10..6]      ; Input  ; Info     ; Stuck at GND                                                                        ;
; SrcB[1..0]       ; Input  ; Info     ; Stuck at GND                                                                        ;
; SrcB[23]         ; Input  ; Info     ; Stuck at VCC                                                                        ;
; SrcB[22]         ; Input  ; Info     ; Stuck at GND                                                                        ;
; SrcB[21]         ; Input  ; Info     ; Stuck at VCC                                                                        ;
; SrcB[16]         ; Input  ; Info     ; Stuck at GND                                                                        ;
; SrcB[15]         ; Input  ; Info     ; Stuck at VCC                                                                        ;
; SrcB[11]         ; Input  ; Info     ; Stuck at VCC                                                                        ;
; column           ; Input  ; Info     ; Stuck at VCC                                                                        ;
; ALUresult        ; Output ; Info     ; Connected to dangling logic. Logic that only feeds a dangling port will be removed. ;
+------------------+--------+----------+-------------------------------------------------------------------------------------+


+----------------------------------------------------------------------------------------------------------------------------+
; Port Connectivity Checks: "ALU:ALU_p2"                                                                                     ;
+------------------+--------+----------+-------------------------------------------------------------------------------------+
; Port             ; Type   ; Severity ; Details                                                                             ;
+------------------+--------+----------+-------------------------------------------------------------------------------------+
; index[1]         ; Input  ; Info     ; Stuck at VCC                                                                        ;
; index[0]         ; Input  ; Info     ; Stuck at GND                                                                        ;
; counter[2..0]    ; Input  ; Info     ; Stuck at GND                                                                        ;
; counter[3]       ; Input  ; Info     ; Stuck at VCC                                                                        ;
; ALUcontrol[3..1] ; Input  ; Info     ; Stuck at GND                                                                        ;
; ALUcontrol[4]    ; Input  ; Info     ; Stuck at VCC                                                                        ;
; ALUcontrol[0]    ; Input  ; Info     ; Stuck at VCC                                                                        ;
; SrcB[23..22]     ; Input  ; Info     ; Stuck at VCC                                                                        ;
; SrcB[3..0]       ; Input  ; Info     ; Stuck at VCC                                                                        ;
; SrcB[31..24]     ; Input  ; Info     ; Stuck at GND                                                                        ;
; SrcB[19..18]     ; Input  ; Info     ; Stuck at GND                                                                        ;
; SrcB[16..13]     ; Input  ; Info     ; Stuck at GND                                                                        ;
; SrcB[5..4]       ; Input  ; Info     ; Stuck at GND                                                                        ;
; SrcB[21]         ; Input  ; Info     ; Stuck at GND                                                                        ;
; SrcB[20]         ; Input  ; Info     ; Stuck at VCC                                                                        ;
; SrcB[17]         ; Input  ; Info     ; Stuck at VCC                                                                        ;
; SrcB[12]         ; Input  ; Info     ; Stuck at VCC                                                                        ;
; SrcB[11]         ; Input  ; Info     ; Stuck at GND                                                                        ;
; SrcB[10]         ; Input  ; Info     ; Stuck at VCC                                                                        ;
; SrcB[9]          ; Input  ; Info     ; Stuck at GND                                                                        ;
; SrcB[8]          ; Input  ; Info     ; Stuck at VCC                                                                        ;
; SrcB[7]          ; Input  ; Info     ; Stuck at GND                                                                        ;
; SrcB[6]          ; Input  ; Info     ; Stuck at VCC                                                                        ;
; column           ; Input  ; Info     ; Stuck at VCC                                                                        ;
; ALUresult        ; Output ; Info     ; Connected to dangling logic. Logic that only feeds a dangling port will be removed. ;
+------------------+--------+----------+-------------------------------------------------------------------------------------+


+----------------------------------------------------------------------------------------------------------------------------+
; Port Connectivity Checks: "ALU:ALU_p1"                                                                                     ;
+------------------+--------+----------+-------------------------------------------------------------------------------------+
; Port             ; Type   ; Severity ; Details                                                                             ;
+------------------+--------+----------+-------------------------------------------------------------------------------------+
; index[1]         ; Input  ; Info     ; Stuck at GND                                                                        ;
; index[0]         ; Input  ; Info     ; Stuck at VCC                                                                        ;
; counter[2..0]    ; Input  ; Info     ; Stuck at GND                                                                        ;
; counter[3]       ; Input  ; Info     ; Stuck at VCC                                                                        ;
; ALUcontrol[3..1] ; Input  ; Info     ; Stuck at GND                                                                        ;
; ALUcontrol[4]    ; Input  ; Info     ; Stuck at VCC                                                                        ;
; ALUcontrol[0]    ; Input  ; Info     ; Stuck at VCC                                                                        ;
; SrcB[19..17]     ; Input  ; Info     ; Stuck at VCC                                                                        ;
; SrcB[15..12]     ; Input  ; Info     ; Stuck at VCC                                                                        ;
; SrcB[10..6]      ; Input  ; Info     ; Stuck at VCC                                                                        ;
; SrcB[3..0]       ; Input  ; Info     ; Stuck at VCC                                                                        ;
; SrcB[31..24]     ; Input  ; Info     ; Stuck at GND                                                                        ;
; SrcB[5..4]       ; Input  ; Info     ; Stuck at GND                                                                        ;
; SrcB[23]         ; Input  ; Info     ; Stuck at VCC                                                                        ;
; SrcB[22]         ; Input  ; Info     ; Stuck at GND                                                                        ;
; SrcB[21]         ; Input  ; Info     ; Stuck at VCC                                                                        ;
; SrcB[20]         ; Input  ; Info     ; Stuck at GND                                                                        ;
; SrcB[16]         ; Input  ; Info     ; Stuck at GND                                                                        ;
; SrcB[11]         ; Input  ; Info     ; Stuck at GND                                                                        ;
; column           ; Input  ; Info     ; Stuck at VCC                                                                        ;
; ALUresult        ; Output ; Info     ; Connected to dangling logic. Logic that only feeds a dangling port will be removed. ;
+------------------+--------+----------+-------------------------------------------------------------------------------------+


+----------------------------------------------------------------------------------------------------------------------------+
; Port Connectivity Checks: "ALU:ALU_p0"                                                                                     ;
+------------------+--------+----------+-------------------------------------------------------------------------------------+
; Port             ; Type   ; Severity ; Details                                                                             ;
+------------------+--------+----------+-------------------------------------------------------------------------------------+
; index            ; Input  ; Info     ; Stuck at GND                                                                        ;
; counter[2..0]    ; Input  ; Info     ; Stuck at GND                                                                        ;
; counter[3]       ; Input  ; Info     ; Stuck at VCC                                                                        ;
; ALUcontrol[3..1] ; Input  ; Info     ; Stuck at GND                                                                        ;
; ALUcontrol[4]    ; Input  ; Info     ; Stuck at VCC                                                                        ;
; ALUcontrol[0]    ; Input  ; Info     ; Stuck at VCC                                                                        ;
; SrcB[9..8]       ; Input  ; Info     ; Stuck at VCC                                                                        ;
; SrcB[31..22]     ; Input  ; Info     ; Stuck at GND                                                                        ;
; SrcB[18..16]     ; Input  ; Info     ; Stuck at GND                                                                        ;
; SrcB[7..4]       ; Input  ; Info     ; Stuck at GND                                                                        ;
; SrcB[2..1]       ; Input  ; Info     ; Stuck at GND                                                                        ;
; SrcB[21]         ; Input  ; Info     ; Stuck at VCC                                                                        ;
; SrcB[20]         ; Input  ; Info     ; Stuck at GND                                                                        ;
; SrcB[19]         ; Input  ; Info     ; Stuck at VCC                                                                        ;
; SrcB[15]         ; Input  ; Info     ; Stuck at VCC                                                                        ;
; SrcB[14]         ; Input  ; Info     ; Stuck at GND                                                                        ;
; SrcB[13]         ; Input  ; Info     ; Stuck at VCC                                                                        ;
; SrcB[12]         ; Input  ; Info     ; Stuck at GND                                                                        ;
; SrcB[11]         ; Input  ; Info     ; Stuck at VCC                                                                        ;
; SrcB[10]         ; Input  ; Info     ; Stuck at GND                                                                        ;
; SrcB[3]          ; Input  ; Info     ; Stuck at VCC                                                                        ;
; SrcB[0]          ; Input  ; Info     ; Stuck at VCC                                                                        ;
; column           ; Input  ; Info     ; Stuck at VCC                                                                        ;
; ALUresult        ; Output ; Info     ; Connected to dangling logic. Logic that only feeds a dangling port will be removed. ;
+------------------+--------+----------+-------------------------------------------------------------------------------------+


+---------------------------------+
; Analysis & Elaboration Messages ;
+---------------------------------+
Info: *******************************************************************
Info: Running Quartus Prime Analysis & Elaboration
    Info: Version 22.1std.2 Build 922 07/20/2023 SC Lite Edition
    Info: Processing started: Fri Sep 27 02:14:26 2024
Info: Command: quartus_map --read_settings_files=on --write_settings_files=off CPU_AES -c CPU_AES --analysis_and_elaboration
Warning (18236): Number of processors has not been specified which may cause overloading on shared machines.  Set the global assignment NUM_PARALLEL_PROCESSORS in your QSF to an appropriate value for best performance.
Info (20030): Parallel compilation is enabled and will use 2 of the 2 processors detected
Info (12021): Found 1 design units, including 1 entities, in source file alu.sv
    Info (12023): Found entity 1: ALU File: C:/Users/Bryan_Gomez/Documents/cpuAES/ALU.sv Line: 1
Info (12021): Found 1 design units, including 1 entities, in source file alu_tb.sv
    Info (12023): Found entity 1: ALU_tb File: C:/Users/Bryan_Gomez/Documents/cpuAES/ALU_tb.sv Line: 1
Info (12021): Found 1 design units, including 1 entities, in source file packingunit.sv
    Info (12023): Found entity 1: PackingUnit File: C:/Users/Bryan_Gomez/Documents/cpuAES/PackingUnit.sv Line: 1
Info (12021): Found 1 design units, including 1 entities, in source file parallelalus.sv
    Info (12023): Found entity 1: parallelALUs File: C:/Users/Bryan_Gomez/Documents/cpuAES/parallelALUs.sv Line: 1
Info (12021): Found 1 design units, including 1 entities, in source file packingunit_tb.sv
    Info (12023): Found entity 1: PackingUnit_tb File: C:/Users/Bryan_Gomez/Documents/cpuAES/PackingUnit_tb.sv Line: 1
Info (12021): Found 1 design units, including 1 entities, in source file parallelalus_tb.sv
    Info (12023): Found entity 1: parallelALUs_tb File: C:/Users/Bryan_Gomez/Documents/cpuAES/parallelALUs_tb.sv Line: 1
Info (12021): Found 1 design units, including 1 entities, in source file columnmaker.sv
    Info (12023): Found entity 1: Columnmaker File: C:/Users/Bryan_Gomez/Documents/cpuAES/Columnmaker.sv Line: 1
Info (12021): Found 1 design units, including 1 entities, in source file columnmaker_tb.sv
    Info (12023): Found entity 1: Columnmaker_tb File: C:/Users/Bryan_Gomez/Documents/cpuAES/Columnmaker_tb.sv Line: 1
Info (12127): Elaborating entity "parallelALUs" for the top level hierarchy
Info (12128): Elaborating entity "Columnmaker" for hierarchy "Columnmaker:Columnmaker_test0" File: C:/Users/Bryan_Gomez/Documents/cpuAES/parallelALUs.sv Line: 12
Info (12128): Elaborating entity "ALU" for hierarchy "ALU:ALU_p0" File: C:/Users/Bryan_Gomez/Documents/cpuAES/parallelALUs.sv Line: 16
Warning (10036): Verilog HDL or VHDL warning at ALU.sv(20): object "mix_columns_matrix" assigned a value but never read File: C:/Users/Bryan_Gomez/Documents/cpuAES/ALU.sv Line: 20
Warning (10230): Verilog HDL assignment warning at ALU.sv(250): truncated value with size 32 to match size of target (8) File: C:/Users/Bryan_Gomez/Documents/cpuAES/ALU.sv Line: 250
Warning (10240): Verilog HDL Always Construct warning at ALU.sv(160): inferring latch(es) for variable "tempA", which holds its previous value in one or more paths through the always construct File: C:/Users/Bryan_Gomez/Documents/cpuAES/ALU.sv Line: 160
Warning (10240): Verilog HDL Always Construct warning at ALU.sv(160): inferring latch(es) for variable "tempB", which holds its previous value in one or more paths through the always construct File: C:/Users/Bryan_Gomez/Documents/cpuAES/ALU.sv Line: 160
Warning (10240): Verilog HDL Always Construct warning at ALU.sv(160): inferring latch(es) for variable "tempC", which holds its previous value in one or more paths through the always construct File: C:/Users/Bryan_Gomez/Documents/cpuAES/ALU.sv Line: 160
Warning (10240): Verilog HDL Always Construct warning at ALU.sv(160): inferring latch(es) for variable "tempD", which holds its previous value in one or more paths through the always construct File: C:/Users/Bryan_Gomez/Documents/cpuAES/ALU.sv Line: 160
Info (10041): Inferred latch for "tempD[0]" at ALU.sv(160) File: C:/Users/Bryan_Gomez/Documents/cpuAES/ALU.sv Line: 160
Info (10041): Inferred latch for "tempD[1]" at ALU.sv(160) File: C:/Users/Bryan_Gomez/Documents/cpuAES/ALU.sv Line: 160
Info (10041): Inferred latch for "tempD[2]" at ALU.sv(160) File: C:/Users/Bryan_Gomez/Documents/cpuAES/ALU.sv Line: 160
Info (10041): Inferred latch for "tempD[3]" at ALU.sv(160) File: C:/Users/Bryan_Gomez/Documents/cpuAES/ALU.sv Line: 160
Info (10041): Inferred latch for "tempD[4]" at ALU.sv(160) File: C:/Users/Bryan_Gomez/Documents/cpuAES/ALU.sv Line: 160
Info (10041): Inferred latch for "tempD[5]" at ALU.sv(160) File: C:/Users/Bryan_Gomez/Documents/cpuAES/ALU.sv Line: 160
Info (10041): Inferred latch for "tempD[6]" at ALU.sv(160) File: C:/Users/Bryan_Gomez/Documents/cpuAES/ALU.sv Line: 160
Info (10041): Inferred latch for "tempD[7]" at ALU.sv(160) File: C:/Users/Bryan_Gomez/Documents/cpuAES/ALU.sv Line: 160
Info (10041): Inferred latch for "tempC[0]" at ALU.sv(160) File: C:/Users/Bryan_Gomez/Documents/cpuAES/ALU.sv Line: 160
Info (10041): Inferred latch for "tempC[1]" at ALU.sv(160) File: C:/Users/Bryan_Gomez/Documents/cpuAES/ALU.sv Line: 160
Info (10041): Inferred latch for "tempC[2]" at ALU.sv(160) File: C:/Users/Bryan_Gomez/Documents/cpuAES/ALU.sv Line: 160
Info (10041): Inferred latch for "tempC[3]" at ALU.sv(160) File: C:/Users/Bryan_Gomez/Documents/cpuAES/ALU.sv Line: 160
Info (10041): Inferred latch for "tempC[4]" at ALU.sv(160) File: C:/Users/Bryan_Gomez/Documents/cpuAES/ALU.sv Line: 160
Info (10041): Inferred latch for "tempC[5]" at ALU.sv(160) File: C:/Users/Bryan_Gomez/Documents/cpuAES/ALU.sv Line: 160
Info (10041): Inferred latch for "tempC[6]" at ALU.sv(160) File: C:/Users/Bryan_Gomez/Documents/cpuAES/ALU.sv Line: 160
Info (10041): Inferred latch for "tempC[7]" at ALU.sv(160) File: C:/Users/Bryan_Gomez/Documents/cpuAES/ALU.sv Line: 160
Info (10041): Inferred latch for "tempB[0]" at ALU.sv(160) File: C:/Users/Bryan_Gomez/Documents/cpuAES/ALU.sv Line: 160
Info (10041): Inferred latch for "tempB[1]" at ALU.sv(160) File: C:/Users/Bryan_Gomez/Documents/cpuAES/ALU.sv Line: 160
Info (10041): Inferred latch for "tempB[2]" at ALU.sv(160) File: C:/Users/Bryan_Gomez/Documents/cpuAES/ALU.sv Line: 160
Info (10041): Inferred latch for "tempB[3]" at ALU.sv(160) File: C:/Users/Bryan_Gomez/Documents/cpuAES/ALU.sv Line: 160
Info (10041): Inferred latch for "tempB[4]" at ALU.sv(160) File: C:/Users/Bryan_Gomez/Documents/cpuAES/ALU.sv Line: 160
Info (10041): Inferred latch for "tempB[5]" at ALU.sv(160) File: C:/Users/Bryan_Gomez/Documents/cpuAES/ALU.sv Line: 160
Info (10041): Inferred latch for "tempB[6]" at ALU.sv(160) File: C:/Users/Bryan_Gomez/Documents/cpuAES/ALU.sv Line: 160
Info (10041): Inferred latch for "tempB[7]" at ALU.sv(160) File: C:/Users/Bryan_Gomez/Documents/cpuAES/ALU.sv Line: 160
Info (10041): Inferred latch for "tempA[0]" at ALU.sv(160) File: C:/Users/Bryan_Gomez/Documents/cpuAES/ALU.sv Line: 160
Info (10041): Inferred latch for "tempA[1]" at ALU.sv(160) File: C:/Users/Bryan_Gomez/Documents/cpuAES/ALU.sv Line: 160
Info (10041): Inferred latch for "tempA[2]" at ALU.sv(160) File: C:/Users/Bryan_Gomez/Documents/cpuAES/ALU.sv Line: 160
Info (10041): Inferred latch for "tempA[3]" at ALU.sv(160) File: C:/Users/Bryan_Gomez/Documents/cpuAES/ALU.sv Line: 160
Info (10041): Inferred latch for "tempA[4]" at ALU.sv(160) File: C:/Users/Bryan_Gomez/Documents/cpuAES/ALU.sv Line: 160
Info (10041): Inferred latch for "tempA[5]" at ALU.sv(160) File: C:/Users/Bryan_Gomez/Documents/cpuAES/ALU.sv Line: 160
Info (10041): Inferred latch for "tempA[6]" at ALU.sv(160) File: C:/Users/Bryan_Gomez/Documents/cpuAES/ALU.sv Line: 160
Info (10041): Inferred latch for "tempA[7]" at ALU.sv(160) File: C:/Users/Bryan_Gomez/Documents/cpuAES/ALU.sv Line: 160
Info (10008): Verilog HDL or VHDL information: EDA Netlist Writer cannot regroup multidimensional array "mix_columns_matrix" into its bus
Info (10008): Verilog HDL or VHDL information: EDA Netlist Writer cannot regroup multidimensional array "xtime2" into its bus
Info (10008): Verilog HDL or VHDL information: EDA Netlist Writer cannot regroup multidimensional array "xtime3" into its bus
Info (10008): Verilog HDL or VHDL information: EDA Netlist Writer cannot regroup multidimensional array "xtime14" into its bus
Info (10008): Verilog HDL or VHDL information: EDA Netlist Writer cannot regroup multidimensional array "xtime13" into its bus
Info (10008): Verilog HDL or VHDL information: EDA Netlist Writer cannot regroup multidimensional array "xtime11" into its bus
Info (10008): Verilog HDL or VHDL information: EDA Netlist Writer cannot regroup multidimensional array "xtime9" into its bus
Info (10008): Verilog HDL or VHDL information: EDA Netlist Writer cannot regroup multidimensional array "sbox" into its bus
Info: Quartus Prime Analysis & Elaboration was successful. 0 errors, 7 warnings
    Info: Peak virtual memory: 4841 megabytes
    Info: Processing ended: Fri Sep 27 02:14:56 2024
    Info: Elapsed time: 00:00:30
    Info: Total CPU time (on all processors): 00:00:39


