Analysis & Elaboration report for procesador
Wed Sep 25 03:10:27 2024
Quartus Prime Version 20.1.1 Build 720 11/11/2020 SJ Lite Edition


---------------------
; Table of Contents ;
---------------------
  1. Legal Notice
  2. Analysis & Elaboration Summary
  3. Parallel Compilation
  4. Analysis & Elaboration IP Cores Summary
  5. Source assignments for DataMemory:dataMem_inst|altsyncram:altsyncram_component|altsyncram_jtl2:auto_generated
  6. Parameter Settings for User Entity Instance: DataMemory:dataMem_inst|altsyncram:altsyncram_component
  7. altsyncram Parameter Settings by Entity Instance
  8. Analysis & Elaboration Settings
  9. Port Connectivity Checks: "DataMemory:dataMem_inst"
 10. Port Connectivity Checks: "combineUnit:combineInst"
 11. Analysis & Elaboration Messages
 12. Analysis & Elaboration Suppressed Messages



----------------
; Legal Notice ;
----------------
Copyright (C) 2020  Intel Corporation. All rights reserved.
Your use of Intel Corporation's design tools, logic functions 
and other software and tools, and any partner logic 
functions, and any output files from any of the foregoing 
(including device programming or simulation files), and any 
associated documentation or information are expressly subject 
to the terms and conditions of the Intel Program License 
Subscription Agreement, the Intel Quartus Prime License Agreement,
the Intel FPGA IP License Agreement, or other applicable license
agreement, including, without limitation, that your use is for
the sole purpose of programming logic devices manufactured by
Intel and sold by Intel or its authorized distributors.  Please
refer to the applicable agreement for further details, at
https://fpgasoftware.intel.com/eula.



+-----------------------------------------------------------------------------+
; Analysis & Elaboration Summary                                              ;
+-------------------------------+---------------------------------------------+
; Analysis & Elaboration Status ; Successful - Wed Sep 25 03:10:27 2024       ;
; Quartus Prime Version         ; 20.1.1 Build 720 11/11/2020 SJ Lite Edition ;
; Revision Name                 ; procesador                                  ;
; Top-level Entity Name         ; memory                                      ;
; Family                        ; Cyclone V                                   ;
; Logic utilization (in ALMs)   ; N/A until Partition Merge                   ;
; Total registers               ; N/A until Partition Merge                   ;
; Total pins                    ; N/A until Partition Merge                   ;
; Total virtual pins            ; N/A until Partition Merge                   ;
; Total block memory bits       ; N/A until Partition Merge                   ;
; Total PLLs                    ; N/A until Partition Merge                   ;
; Total DLLs                    ; N/A until Partition Merge                   ;
+-------------------------------+---------------------------------------------+


+------------------------------------------+
; Parallel Compilation                     ;
+----------------------------+-------------+
; Processors                 ; Number      ;
+----------------------------+-------------+
; Number detected on machine ; 16          ;
; Maximum allowed            ; 12          ;
;                            ;             ;
; Average used               ; 1.00        ;
; Maximum used               ; 1           ;
;                            ;             ;
; Usage by Processor         ; % Time Used ;
;     Processor 1            ; 100.0%      ;
+----------------------------+-------------+


+-----------------------------------------------------------------------------------------------------------------------+
; Analysis & Elaboration IP Cores Summary                                                                               ;
+--------+--------------+---------+--------------+--------------+---------------------------------+---------------------+
; Vendor ; IP Core Name ; Version ; Release Date ; License Type ; Entity Instance                 ; IP Include File     ;
+--------+--------------+---------+--------------+--------------+---------------------------------+---------------------+
; Altera ; RAM: 2-PORT  ; 20.1    ; N/A          ; N/A          ; |memory|DataMemory:dataMem_inst ; Memory/DataMemory.v ;
+--------+--------------+---------+--------------+--------------+---------------------------------+---------------------+


+---------------------------------------------------------------------------------------------------------------+
; Source assignments for DataMemory:dataMem_inst|altsyncram:altsyncram_component|altsyncram_jtl2:auto_generated ;
+---------------------------------+--------------------+------+-------------------------------------------------+
; Assignment                      ; Value              ; From ; To                                              ;
+---------------------------------+--------------------+------+-------------------------------------------------+
; OPTIMIZE_POWER_DURING_SYNTHESIS ; NORMAL_COMPILATION ; -    ; -                                               ;
+---------------------------------+--------------------+------+-------------------------------------------------+


+------------------------------------------------------------------------------------------------------+
; Parameter Settings for User Entity Instance: DataMemory:dataMem_inst|altsyncram:altsyncram_component ;
+------------------------------------+----------------------+------------------------------------------+
; Parameter Name                     ; Value                ; Type                                     ;
+------------------------------------+----------------------+------------------------------------------+
; BYTE_SIZE_BLOCK                    ; 8                    ; Untyped                                  ;
; AUTO_CARRY_CHAINS                  ; ON                   ; AUTO_CARRY                               ;
; IGNORE_CARRY_BUFFERS               ; OFF                  ; IGNORE_CARRY                             ;
; AUTO_CASCADE_CHAINS                ; ON                   ; AUTO_CASCADE                             ;
; IGNORE_CASCADE_BUFFERS             ; OFF                  ; IGNORE_CASCADE                           ;
; WIDTH_BYTEENA                      ; 1                    ; Untyped                                  ;
; OPERATION_MODE                     ; BIDIR_DUAL_PORT      ; Untyped                                  ;
; WIDTH_A                            ; 8                    ; Signed Integer                           ;
; WIDTHAD_A                          ; 16                   ; Signed Integer                           ;
; NUMWORDS_A                         ; 65536                ; Signed Integer                           ;
; OUTDATA_REG_A                      ; UNREGISTERED         ; Untyped                                  ;
; ADDRESS_ACLR_A                     ; NONE                 ; Untyped                                  ;
; OUTDATA_ACLR_A                     ; NONE                 ; Untyped                                  ;
; WRCONTROL_ACLR_A                   ; NONE                 ; Untyped                                  ;
; INDATA_ACLR_A                      ; NONE                 ; Untyped                                  ;
; BYTEENA_ACLR_A                     ; NONE                 ; Untyped                                  ;
; WIDTH_B                            ; 8                    ; Signed Integer                           ;
; WIDTHAD_B                          ; 16                   ; Signed Integer                           ;
; NUMWORDS_B                         ; 65536                ; Signed Integer                           ;
; INDATA_REG_B                       ; CLOCK1               ; Untyped                                  ;
; WRCONTROL_WRADDRESS_REG_B          ; CLOCK1               ; Untyped                                  ;
; RDCONTROL_REG_B                    ; CLOCK1               ; Untyped                                  ;
; ADDRESS_REG_B                      ; CLOCK1               ; Untyped                                  ;
; OUTDATA_REG_B                      ; UNREGISTERED         ; Untyped                                  ;
; BYTEENA_REG_B                      ; CLOCK1               ; Untyped                                  ;
; INDATA_ACLR_B                      ; NONE                 ; Untyped                                  ;
; WRCONTROL_ACLR_B                   ; NONE                 ; Untyped                                  ;
; ADDRESS_ACLR_B                     ; NONE                 ; Untyped                                  ;
; OUTDATA_ACLR_B                     ; NONE                 ; Untyped                                  ;
; RDCONTROL_ACLR_B                   ; NONE                 ; Untyped                                  ;
; BYTEENA_ACLR_B                     ; NONE                 ; Untyped                                  ;
; WIDTH_BYTEENA_A                    ; 1                    ; Signed Integer                           ;
; WIDTH_BYTEENA_B                    ; 1                    ; Signed Integer                           ;
; RAM_BLOCK_TYPE                     ; AUTO                 ; Untyped                                  ;
; BYTE_SIZE                          ; 8                    ; Untyped                                  ;
; READ_DURING_WRITE_MODE_MIXED_PORTS ; DONT_CARE            ; Untyped                                  ;
; READ_DURING_WRITE_MODE_PORT_A      ; NEW_DATA_NO_NBE_READ ; Untyped                                  ;
; READ_DURING_WRITE_MODE_PORT_B      ; NEW_DATA_NO_NBE_READ ; Untyped                                  ;
; INIT_FILE                          ; ./datos.mif          ; Untyped                                  ;
; INIT_FILE_LAYOUT                   ; PORT_A               ; Untyped                                  ;
; MAXIMUM_DEPTH                      ; 0                    ; Untyped                                  ;
; CLOCK_ENABLE_INPUT_A               ; BYPASS               ; Untyped                                  ;
; CLOCK_ENABLE_INPUT_B               ; BYPASS               ; Untyped                                  ;
; CLOCK_ENABLE_OUTPUT_A              ; BYPASS               ; Untyped                                  ;
; CLOCK_ENABLE_OUTPUT_B              ; BYPASS               ; Untyped                                  ;
; CLOCK_ENABLE_CORE_A                ; USE_INPUT_CLKEN      ; Untyped                                  ;
; CLOCK_ENABLE_CORE_B                ; USE_INPUT_CLKEN      ; Untyped                                  ;
; ENABLE_ECC                         ; FALSE                ; Untyped                                  ;
; ECC_PIPELINE_STAGE_ENABLED         ; FALSE                ; Untyped                                  ;
; WIDTH_ECCSTATUS                    ; 3                    ; Untyped                                  ;
; DEVICE_FAMILY                      ; Cyclone V            ; Untyped                                  ;
; CBXI_PARAMETER                     ; altsyncram_jtl2      ; Untyped                                  ;
+------------------------------------+----------------------+------------------------------------------+
Note: In order to hide this table in the UI and the text report file, please set the "Show Parameter Settings in Synthesis Report" option in "Analysis and Synthesis Settings -> More Settings" to "Off".


+-----------------------------------------------------------------------------------------------------+
; altsyncram Parameter Settings by Entity Instance                                                    ;
+-------------------------------------------+---------------------------------------------------------+
; Name                                      ; Value                                                   ;
+-------------------------------------------+---------------------------------------------------------+
; Number of entity instances                ; 1                                                       ;
; Entity Instance                           ; DataMemory:dataMem_inst|altsyncram:altsyncram_component ;
;     -- OPERATION_MODE                     ; BIDIR_DUAL_PORT                                         ;
;     -- WIDTH_A                            ; 8                                                       ;
;     -- NUMWORDS_A                         ; 65536                                                   ;
;     -- OUTDATA_REG_A                      ; UNREGISTERED                                            ;
;     -- WIDTH_B                            ; 8                                                       ;
;     -- NUMWORDS_B                         ; 65536                                                   ;
;     -- ADDRESS_REG_B                      ; CLOCK1                                                  ;
;     -- OUTDATA_REG_B                      ; UNREGISTERED                                            ;
;     -- RAM_BLOCK_TYPE                     ; AUTO                                                    ;
;     -- READ_DURING_WRITE_MODE_MIXED_PORTS ; DONT_CARE                                               ;
+-------------------------------------------+---------------------------------------------------------+


+---------------------------------------------------------------------------------------------------------------------------+
; Analysis & Elaboration Settings                                                                                           ;
+---------------------------------------------------------------------------------+--------------------+--------------------+
; Option                                                                          ; Setting            ; Default Value      ;
+---------------------------------------------------------------------------------+--------------------+--------------------+
; Device                                                                          ; 5CSEMA5F31C6       ;                    ;
; Top-level entity name                                                           ; memory             ; procesador         ;
; Family name                                                                     ; Cyclone V          ; Cyclone V          ;
; Use smart compilation                                                           ; Off                ; Off                ;
; Enable parallel Assembler and Timing Analyzer during compilation                ; On                 ; On                 ;
; Enable compact report table                                                     ; Off                ; Off                ;
; Restructure Multiplexers                                                        ; Auto               ; Auto               ;
; MLAB Add Timing Constraints For Mixed-Port Feed-Through Mode Setting Don't Care ; Off                ; Off                ;
; Create Debugging Nodes for IP Cores                                             ; Off                ; Off                ;
; Preserve fewer node names                                                       ; On                 ; On                 ;
; Intel FPGA IP Evaluation Mode                                                   ; Enable             ; Enable             ;
; Verilog Version                                                                 ; Verilog_2001       ; Verilog_2001       ;
; VHDL Version                                                                    ; VHDL_1993          ; VHDL_1993          ;
; State Machine Processing                                                        ; Auto               ; Auto               ;
; Safe State Machine                                                              ; Off                ; Off                ;
; Extract Verilog State Machines                                                  ; On                 ; On                 ;
; Extract VHDL State Machines                                                     ; On                 ; On                 ;
; Ignore Verilog initial constructs                                               ; Off                ; Off                ;
; Iteration limit for constant Verilog loops                                      ; 5000               ; 5000               ;
; Iteration limit for non-constant Verilog loops                                  ; 250                ; 250                ;
; Add Pass-Through Logic to Inferred RAMs                                         ; On                 ; On                 ;
; Infer RAMs from Raw Logic                                                       ; On                 ; On                 ;
; Parallel Synthesis                                                              ; On                 ; On                 ;
; DSP Block Balancing                                                             ; Auto               ; Auto               ;
; NOT Gate Push-Back                                                              ; On                 ; On                 ;
; Power-Up Don't Care                                                             ; On                 ; On                 ;
; Remove Redundant Logic Cells                                                    ; Off                ; Off                ;
; Remove Duplicate Registers                                                      ; On                 ; On                 ;
; Ignore CARRY Buffers                                                            ; Off                ; Off                ;
; Ignore CASCADE Buffers                                                          ; Off                ; Off                ;
; Ignore GLOBAL Buffers                                                           ; Off                ; Off                ;
; Ignore ROW GLOBAL Buffers                                                       ; Off                ; Off                ;
; Ignore LCELL Buffers                                                            ; Off                ; Off                ;
; Ignore SOFT Buffers                                                             ; On                 ; On                 ;
; Limit AHDL Integers to 32 Bits                                                  ; Off                ; Off                ;
; Optimization Technique                                                          ; Balanced           ; Balanced           ;
; Carry Chain Length                                                              ; 70                 ; 70                 ;
; Auto Carry Chains                                                               ; On                 ; On                 ;
; Auto Open-Drain Pins                                                            ; On                 ; On                 ;
; Perform WYSIWYG Primitive Resynthesis                                           ; Off                ; Off                ;
; Auto ROM Replacement                                                            ; On                 ; On                 ;
; Auto RAM Replacement                                                            ; On                 ; On                 ;
; Auto DSP Block Replacement                                                      ; On                 ; On                 ;
; Auto Shift Register Replacement                                                 ; Auto               ; Auto               ;
; Allow Shift Register Merging across Hierarchies                                 ; Auto               ; Auto               ;
; Auto Clock Enable Replacement                                                   ; On                 ; On                 ;
; Strict RAM Replacement                                                          ; Off                ; Off                ;
; Allow Synchronous Control Signals                                               ; On                 ; On                 ;
; Force Use of Synchronous Clear Signals                                          ; Off                ; Off                ;
; Auto Resource Sharing                                                           ; Off                ; Off                ;
; Allow Any RAM Size For Recognition                                              ; Off                ; Off                ;
; Allow Any ROM Size For Recognition                                              ; Off                ; Off                ;
; Allow Any Shift Register Size For Recognition                                   ; Off                ; Off                ;
; Use LogicLock Constraints during Resource Balancing                             ; On                 ; On                 ;
; Ignore translate_off and synthesis_off directives                               ; Off                ; Off                ;
; Timing-Driven Synthesis                                                         ; On                 ; On                 ;
; Report Parameter Settings                                                       ; On                 ; On                 ;
; Report Source Assignments                                                       ; On                 ; On                 ;
; Report Connectivity Checks                                                      ; On                 ; On                 ;
; Ignore Maximum Fan-Out Assignments                                              ; Off                ; Off                ;
; Synchronization Register Chain Length                                           ; 3                  ; 3                  ;
; Power Optimization During Synthesis                                             ; Normal compilation ; Normal compilation ;
; HDL message level                                                               ; Level2             ; Level2             ;
; Suppress Register Optimization Related Messages                                 ; Off                ; Off                ;
; Number of Removed Registers Reported in Synthesis Report                        ; 5000               ; 5000               ;
; Number of Swept Nodes Reported in Synthesis Report                              ; 5000               ; 5000               ;
; Number of Inverted Registers Reported in Synthesis Report                       ; 100                ; 100                ;
; Clock MUX Protection                                                            ; On                 ; On                 ;
; Auto Gated Clock Conversion                                                     ; Off                ; Off                ;
; Block Design Naming                                                             ; Auto               ; Auto               ;
; SDC constraint protection                                                       ; Off                ; Off                ;
; Synthesis Effort                                                                ; Auto               ; Auto               ;
; Shift Register Replacement - Allow Asynchronous Clear Signal                    ; On                 ; On                 ;
; Pre-Mapping Resynthesis Optimization                                            ; Off                ; Off                ;
; Analysis & Synthesis Message Level                                              ; Medium             ; Medium             ;
; Disable Register Merging Across Hierarchies                                     ; Auto               ; Auto               ;
; Resource Aware Inference For Block RAM                                          ; On                 ; On                 ;
; Automatic Parallel Synthesis                                                    ; On                 ; On                 ;
; Partial Reconfiguration Bitstream ID                                            ; Off                ; Off                ;
+---------------------------------------------------------------------------------+--------------------+--------------------+


+----------------------------------------------------------------------------------------------------------------------------------------------------------------------------------------------------------------------+
; Port Connectivity Checks: "DataMemory:dataMem_inst"                                                                                                                                                                  ;
+-----------+--------+----------+--------------------------------------------------------------------------------------------------------------------------------------------------------------------------------------+
; Port      ; Type   ; Severity ; Details                                                                                                                                                                              ;
+-----------+--------+----------+--------------------------------------------------------------------------------------------------------------------------------------------------------------------------------------+
; address_a ; Input  ; Info     ; Stuck at GND                                                                                                                                                                         ;
; data_a    ; Input  ; Warning  ; Input port expression (128 bits) is wider than the input port (8 bits) it drives.  The 120 most-significant bit(s) in the expression will be dangling if they have no other fanouts. ;
; q_a       ; Output ; Warning  ; Output or bidir port (8 bits) is smaller than the port expression (16 bits) it drives.  The 8 most-significant bit(s) in the port expression will be connected to GND.               ;
; q_a[7..0] ; Output ; Info     ; Connected to dangling logic. Logic that only feeds a dangling port will be removed.                                                                                                  ;
; address_b ; Input  ; Warning  ; Declared by entity but not connected by instance. If a default value exists, it will be used.  Otherwise, the port will be connected to GND.                                         ;
; clock_b   ; Input  ; Warning  ; Declared by entity but not connected by instance. If a default value exists, it will be used.  Otherwise, the port will be connected to GND.                                         ;
; data_b    ; Input  ; Warning  ; Declared by entity but not connected by instance. If a default value exists, it will be used.  Otherwise, the port will be connected to GND.                                         ;
; wren_b    ; Input  ; Warning  ; Declared by entity but not connected by instance. If a default value exists, it will be used.  Otherwise, the port will be connected to GND.                                         ;
; q_b       ; Output ; Warning  ; Declared by entity but not connected by instance. Logic that only feeds a dangling port will be removed.                                                                             ;
+-----------+--------+----------+--------------------------------------------------------------------------------------------------------------------------------------------------------------------------------------+


+-----------------------------------------------------------------------------------------------------------------------------+
; Port Connectivity Checks: "combineUnit:combineInst"                                                                         ;
+-------------------+--------+----------+-------------------------------------------------------------------------------------+
; Port              ; Type   ; Severity ; Details                                                                             ;
+-------------------+--------+----------+-------------------------------------------------------------------------------------+
; ALUresult[127..8] ; Output ; Info     ; Connected to dangling logic. Logic that only feeds a dangling port will be removed. ;
+-------------------+--------+----------+-------------------------------------------------------------------------------------+


+---------------------------------+
; Analysis & Elaboration Messages ;
+---------------------------------+
Info: *******************************************************************
Info: Running Quartus Prime Analysis & Elaboration
    Info: Version 20.1.1 Build 720 11/11/2020 SJ Lite Edition
    Info: Processing started: Wed Sep 25 03:10:19 2024
Info: Command: quartus_map --read_settings_files=on --write_settings_files=off procesador -c procesador --analysis_and_elaboration
Warning (18236): Number of processors has not been specified which may cause overloading on shared machines.  Set the global assignment NUM_PARALLEL_PROCESSORS in your QSF to an appropriate value for best performance.
Info (20030): Parallel compilation is enabled and will use 12 of the 12 processors detected
Info (12021): Found 1 design units, including 1 entities, in source file testbench/sumador_tb.sv
    Info (12023): Found entity 1: sumador_tb File: C:/Users/mario/Documents/GitHub/Vectorial-Encryption-CPU/testbench/sumador_tb.sv Line: 2
Info (12021): Found 1 design units, including 1 entities, in source file testbench/program_counter_tb.sv
    Info (12023): Found entity 1: program_counter_tb File: C:/Users/mario/Documents/GitHub/Vectorial-Encryption-CPU/testbench/program_counter_tb.sv Line: 1
Info (12021): Found 1 design units, including 1 entities, in source file testbench/mux2_1_tb.sv
    Info (12023): Found entity 1: mux2_1_tb File: C:/Users/mario/Documents/GitHub/Vectorial-Encryption-CPU/testbench/mux2_1_tb.sv Line: 3
Info (12021): Found 1 design units, including 1 entities, in source file testbench/if_id_reg_tb.sv
    Info (12023): Found entity 1: IF_ID_Reg_tb File: C:/Users/mario/Documents/GitHub/Vectorial-Encryption-CPU/testbench/IF_ID_Reg_tb.sv Line: 3
Info (12021): Found 1 design units, including 1 entities, in source file instructionfetch/sumador.sv
    Info (12023): Found entity 1: sumador File: C:/Users/mario/Documents/GitHub/Vectorial-Encryption-CPU/InstructionFetch/sumador.sv Line: 1
Info (12021): Found 1 design units, including 1 entities, in source file instructionfetch/program_counter.sv
    Info (12023): Found entity 1: program_counter File: C:/Users/mario/Documents/GitHub/Vectorial-Encryption-CPU/InstructionFetch/program_counter.sv Line: 2
Info (12021): Found 1 design units, including 1 entities, in source file instructionfetch/mux2_1.sv
    Info (12023): Found entity 1: mux2_1 File: C:/Users/mario/Documents/GitHub/Vectorial-Encryption-CPU/InstructionFetch/mux2_1.sv Line: 1
Info (12021): Found 1 design units, including 1 entities, in source file instructionfetch/if_id_reg.sv
    Info (12023): Found entity 1: IF_ID_Reg File: C:/Users/mario/Documents/GitHub/Vectorial-Encryption-CPU/InstructionFetch/IF_ID_Reg.sv Line: 1
Info (12021): Found 1 design units, including 1 entities, in source file procesador.sv
    Info (12023): Found entity 1: procesador File: C:/Users/mario/Documents/GitHub/Vectorial-Encryption-CPU/procesador.sv Line: 1
Info (12021): Found 1 design units, including 1 entities, in source file new_clk.sv
    Info (12023): Found entity 1: new_clk File: C:/Users/mario/Documents/GitHub/Vectorial-Encryption-CPU/new_clk.sv Line: 1
Info (12021): Found 1 design units, including 1 entities, in source file docode/register_file.sv
    Info (12023): Found entity 1: register_file File: C:/Users/mario/Documents/GitHub/Vectorial-Encryption-CPU/Docode/register_file.sv Line: 2
Info (12021): Found 1 design units, including 1 entities, in source file testbench/register_file_tb.sv
    Info (12023): Found entity 1: register_file_tb File: C:/Users/mario/Documents/GitHub/Vectorial-Encryption-CPU/testbench/register_file_tb.sv Line: 1
Info (12021): Found 1 design units, including 1 entities, in source file testbench/extend_tb.sv
    Info (12023): Found entity 1: extend_tb File: C:/Users/mario/Documents/GitHub/Vectorial-Encryption-CPU/testbench/extend_tb.sv Line: 3
Info (12021): Found 1 design units, including 1 entities, in source file docode/control_unit.sv
    Info (12023): Found entity 1: Control_Unit File: C:/Users/mario/Documents/GitHub/Vectorial-Encryption-CPU/Docode/Control_Unit.sv Line: 1
Info (12021): Found 1 design units, including 1 entities, in source file execute/exe_mem_reg.sv
    Info (12023): Found entity 1: EXE_MEM_Reg File: C:/Users/mario/Documents/GitHub/Vectorial-Encryption-CPU/Execute/EXE_MEM_Reg.sv Line: 1
Info (12021): Found 1 design units, including 1 entities, in source file testbench/compuerta_tb.sv
    Info (12023): Found entity 1: compuerta_tb File: C:/Users/mario/Documents/GitHub/Vectorial-Encryption-CPU/testbench/compuerta_tb.sv Line: 1
Info (12021): Found 1 design units, including 1 entities, in source file testbench/control_unit_tb.sv
    Info (12023): Found entity 1: Control_Unit_tb File: C:/Users/mario/Documents/GitHub/Vectorial-Encryption-CPU/testbench/Control_Unit_tb.sv Line: 3
Info (12021): Found 1 design units, including 1 entities, in source file docode/id_exe_reg.sv
    Info (12023): Found entity 1: ID_EXE_Reg File: C:/Users/mario/Documents/GitHub/Vectorial-Encryption-CPU/Docode/ID_EXE_Reg.sv Line: 1
Info (12021): Found 1 design units, including 1 entities, in source file testbench/id_exe_reg_tb.sv
    Info (12023): Found entity 1: ID_EXE_Reg_tb File: C:/Users/mario/Documents/GitHub/Vectorial-Encryption-CPU/testbench/ID_EXE_Reg_tb.sv Line: 3
Info (12021): Found 1 design units, including 1 entities, in source file memory/mem_wb_reg.sv
    Info (12023): Found entity 1: MEM_WB_Reg File: C:/Users/mario/Documents/GitHub/Vectorial-Encryption-CPU/Memory/MEM_WB_Reg.sv Line: 1
Info (12021): Found 1 design units, including 1 entities, in source file writeback/mux_wb.sv
    Info (12023): Found entity 1: mux_WB File: C:/Users/mario/Documents/GitHub/Vectorial-Encryption-CPU/WriteBack/mux_WB.sv Line: 1
Info (12021): Found 1 design units, including 1 entities, in source file instructionfetch/fetch.sv
    Info (12023): Found entity 1: fetch File: C:/Users/mario/Documents/GitHub/Vectorial-Encryption-CPU/InstructionFetch/fetch.sv Line: 1
Info (12021): Found 1 design units, including 1 entities, in source file testbench/fetch_tb.sv
    Info (12023): Found entity 1: fetch_tb File: C:/Users/mario/Documents/GitHub/Vectorial-Encryption-CPU/testbench/fetch_tb.sv Line: 3
Info (12021): Found 1 design units, including 1 entities, in source file docode/decode.sv
    Info (12023): Found entity 1: decode File: C:/Users/mario/Documents/GitHub/Vectorial-Encryption-CPU/Docode/decode.sv Line: 2
Info (12021): Found 1 design units, including 1 entities, in source file memory/memory.sv
    Info (12023): Found entity 1: memory File: C:/Users/mario/Documents/GitHub/Vectorial-Encryption-CPU/Memory/memory.sv Line: 3
Info (12021): Found 1 design units, including 1 entities, in source file testbench/decode_tb.sv
    Info (12023): Found entity 1: decode_tb File: C:/Users/mario/Documents/GitHub/Vectorial-Encryption-CPU/testbench/decode_tb.sv Line: 1
Warning (10229): Verilog HDL Expression warning at memory_tb.sv(40): truncated literal to match 4 bits File: C:/Users/mario/Documents/GitHub/Vectorial-Encryption-CPU/testbench/memory_tb.sv Line: 40
Warning (10229): Verilog HDL Expression warning at memory_tb.sv(49): truncated literal to match 4 bits File: C:/Users/mario/Documents/GitHub/Vectorial-Encryption-CPU/testbench/memory_tb.sv Line: 49
Info (12021): Found 1 design units, including 1 entities, in source file testbench/memory_tb.sv
    Info (12023): Found entity 1: memory_tb File: C:/Users/mario/Documents/GitHub/Vectorial-Encryption-CPU/testbench/memory_tb.sv Line: 3
Info (12021): Found 1 design units, including 1 entities, in source file vga/vga.sv
    Info (12023): Found entity 1: vga File: C:/Users/mario/Documents/GitHub/Vectorial-Encryption-CPU/vga/vga.sv Line: 1
Info (12021): Found 1 design units, including 1 entities, in source file vga/pll.sv
    Info (12023): Found entity 1: pll File: C:/Users/mario/Documents/GitHub/Vectorial-Encryption-CPU/vga/pll.sv Line: 1
Info (12021): Found 1 design units, including 1 entities, in source file vga/vgacontroller.sv
    Info (12023): Found entity 1: vgaController File: C:/Users/mario/Documents/GitHub/Vectorial-Encryption-CPU/vga/vgaController.sv Line: 1
Info (12021): Found 1 design units, including 1 entities, in source file vga/videogen.sv
    Info (12023): Found entity 1: videoGen File: C:/Users/mario/Documents/GitHub/Vectorial-Encryption-CPU/vga/videoGen.sv Line: 1
Info (12021): Found 1 design units, including 1 entities, in source file testbench/shiftlpc_tb.sv
    Info (12023): Found entity 1: shiftLPC_tb File: C:/Users/mario/Documents/GitHub/Vectorial-Encryption-CPU/testbench/shiftLPC_tb.sv Line: 3
Info (12021): Found 1 design units, including 1 entities, in source file testbench/imem_tb.sv
    Info (12023): Found entity 1: IMem_tb File: C:/Users/mario/Documents/GitHub/Vectorial-Encryption-CPU/testbench/IMem_tb.sv Line: 3
Info (12021): Found 1 design units, including 1 entities, in source file execute/execute.sv
    Info (12023): Found entity 1: execute File: C:/Users/mario/Documents/GitHub/Vectorial-Encryption-CPU/Execute/execute.sv Line: 2
Info (12021): Found 1 design units, including 1 entities, in source file testbench/execute_tb.sv
    Info (12023): Found entity 1: execute_tb File: C:/Users/mario/Documents/GitHub/Vectorial-Encryption-CPU/testbench/execute_tb.sv Line: 3
Info (12021): Found 1 design units, including 1 entities, in source file testbench/aluflags_tb.sv
    Info (12023): Found entity 1: aluFlags_tb File: C:/Users/mario/Documents/GitHub/Vectorial-Encryption-CPU/testbench/aluFlags_tb.sv Line: 3
Info (12021): Found 1 design units, including 1 entities, in source file testbench/procesador_tb.sv
    Info (12023): Found entity 1: procesador_tb File: C:/Users/mario/Documents/GitHub/Vectorial-Encryption-CPU/testbench/procesador_tb.sv Line: 3
Info (12021): Found 1 design units, including 1 entities, in source file instructionfetch/imem.v
    Info (12023): Found entity 1: IMem File: C:/Users/mario/Documents/GitHub/Vectorial-Encryption-CPU/InstructionFetch/IMem.v Line: 40
Info (12021): Found 1 design units, including 1 entities, in source file testbench/contador_tb.sv
    Info (12023): Found entity 1: contador_tb File: C:/Users/mario/Documents/GitHub/Vectorial-Encryption-CPU/testbench/contador_tb.sv Line: 1
Info (12021): Found 1 design units, including 1 entities, in source file memory/datamemory.v
    Info (12023): Found entity 1: DataMemory File: C:/Users/mario/Documents/GitHub/Vectorial-Encryption-CPU/Memory/DataMemory.v Line: 40
Warning (10229): Verilog HDL Expression warning at alu_tb.sv(81): truncated literal to match 16 bits File: C:/Users/mario/Documents/GitHub/Vectorial-Encryption-CPU/testbench/alu_tb.sv Line: 81
Info (12021): Found 1 design units, including 1 entities, in source file testbench/alu_tb.sv
    Info (12023): Found entity 1: alu_tb File: C:/Users/mario/Documents/GitHub/Vectorial-Encryption-CPU/testbench/alu_tb.sv Line: 3
Info (12021): Found 1 design units, including 1 entities, in source file testbench/mux_wb_tb.sv
    Info (12023): Found entity 1: mux_WB_tb File: C:/Users/mario/Documents/GitHub/Vectorial-Encryption-CPU/testbench/mux_WB_tb.sv Line: 3
Info (12021): Found 1 design units, including 1 entities, in source file docode/decodesignalreg.sv
    Info (12023): Found entity 1: decodeSignalReg File: C:/Users/mario/Documents/GitHub/Vectorial-Encryption-CPU/Docode/decodeSignalReg.sv Line: 1
Info (12021): Found 1 design units, including 1 entities, in source file memory/tempmemreg.sv
    Info (12023): Found entity 1: tempMemReg File: C:/Users/mario/Documents/GitHub/Vectorial-Encryption-CPU/Memory/tempMemReg.sv Line: 1
Info (12021): Found 1 design units, including 1 entities, in source file docode/hazardunit.sv
    Info (12023): Found entity 1: hazardUnit File: C:/Users/mario/Documents/GitHub/Vectorial-Encryption-CPU/Docode/hazardUnit.sv Line: 1
Info (12021): Found 1 design units, including 1 entities, in source file testbench/hazardunit_tb.sv
    Info (12023): Found entity 1: hazardUnit_tb File: C:/Users/mario/Documents/GitHub/Vectorial-Encryption-CPU/testbench/hazardUnit_tb.sv Line: 1
Info (12021): Found 1 design units, including 1 entities, in source file execute/alu.sv
    Info (12023): Found entity 1: ALU File: C:/Users/mario/Documents/GitHub/Vectorial-Encryption-CPU/Execute/ALU.sv Line: 1
Info (12021): Found 1 design units, including 1 entities, in source file execute/combineunit.sv
    Info (12023): Found entity 1: combineUnit File: C:/Users/mario/Documents/GitHub/Vectorial-Encryption-CPU/Execute/combineUnit.sv Line: 1
Info (12021): Found 1 design units, including 1 entities, in source file execute/compareexec.sv
    Info (12023): Found entity 1: compareExec File: C:/Users/mario/Documents/GitHub/Vectorial-Encryption-CPU/Execute/compareExec.sv Line: 1
Info (12127): Elaborating entity "memory" for the top level hierarchy
Info (12128): Elaborating entity "combineUnit" for hierarchy "combineUnit:combineInst" File: C:/Users/mario/Documents/GitHub/Vectorial-Encryption-CPU/Memory/memory.sv Line: 21
Info (12128): Elaborating entity "DataMemory" for hierarchy "DataMemory:dataMem_inst" File: C:/Users/mario/Documents/GitHub/Vectorial-Encryption-CPU/Memory/memory.sv Line: 30
Info (12128): Elaborating entity "altsyncram" for hierarchy "DataMemory:dataMem_inst|altsyncram:altsyncram_component" File: C:/Users/mario/Documents/GitHub/Vectorial-Encryption-CPU/Memory/DataMemory.v Line: 100
Info (12130): Elaborated megafunction instantiation "DataMemory:dataMem_inst|altsyncram:altsyncram_component" File: C:/Users/mario/Documents/GitHub/Vectorial-Encryption-CPU/Memory/DataMemory.v Line: 100
Info (12133): Instantiated megafunction "DataMemory:dataMem_inst|altsyncram:altsyncram_component" with the following parameter: File: C:/Users/mario/Documents/GitHub/Vectorial-Encryption-CPU/Memory/DataMemory.v Line: 100
    Info (12134): Parameter "address_reg_b" = "CLOCK1"
    Info (12134): Parameter "clock_enable_input_a" = "BYPASS"
    Info (12134): Parameter "clock_enable_input_b" = "BYPASS"
    Info (12134): Parameter "clock_enable_output_a" = "BYPASS"
    Info (12134): Parameter "clock_enable_output_b" = "BYPASS"
    Info (12134): Parameter "init_file" = "./datos.mif"
    Info (12134): Parameter "indata_reg_b" = "CLOCK1"
    Info (12134): Parameter "intended_device_family" = "Cyclone V"
    Info (12134): Parameter "lpm_type" = "altsyncram"
    Info (12134): Parameter "numwords_a" = "65536"
    Info (12134): Parameter "numwords_b" = "65536"
    Info (12134): Parameter "operation_mode" = "BIDIR_DUAL_PORT"
    Info (12134): Parameter "outdata_aclr_a" = "NONE"
    Info (12134): Parameter "outdata_aclr_b" = "NONE"
    Info (12134): Parameter "outdata_reg_a" = "UNREGISTERED"
    Info (12134): Parameter "outdata_reg_b" = "UNREGISTERED"
    Info (12134): Parameter "power_up_uninitialized" = "FALSE"
    Info (12134): Parameter "read_during_write_mode_port_a" = "NEW_DATA_NO_NBE_READ"
    Info (12134): Parameter "read_during_write_mode_port_b" = "NEW_DATA_NO_NBE_READ"
    Info (12134): Parameter "widthad_a" = "16"
    Info (12134): Parameter "widthad_b" = "16"
    Info (12134): Parameter "width_a" = "8"
    Info (12134): Parameter "width_b" = "8"
    Info (12134): Parameter "width_byteena_a" = "1"
    Info (12134): Parameter "width_byteena_b" = "1"
    Info (12134): Parameter "wrcontrol_wraddress_reg_b" = "CLOCK1"
Info (12021): Found 1 design units, including 1 entities, in source file db/altsyncram_jtl2.tdf
    Info (12023): Found entity 1: altsyncram_jtl2 File: C:/Users/mario/Documents/GitHub/Vectorial-Encryption-CPU/db/altsyncram_jtl2.tdf Line: 34
Info (12128): Elaborating entity "altsyncram_jtl2" for hierarchy "DataMemory:dataMem_inst|altsyncram:altsyncram_component|altsyncram_jtl2:auto_generated" File: c:/intelfpga_lite/20.1/quartus/libraries/megafunctions/altsyncram.tdf Line: 792
Info (12021): Found 1 design units, including 1 entities, in source file db/decode_dla.tdf
    Info (12023): Found entity 1: decode_dla File: C:/Users/mario/Documents/GitHub/Vectorial-Encryption-CPU/db/decode_dla.tdf Line: 23
Info (12128): Elaborating entity "decode_dla" for hierarchy "DataMemory:dataMem_inst|altsyncram:altsyncram_component|altsyncram_jtl2:auto_generated|decode_dla:decode2" File: C:/Users/mario/Documents/GitHub/Vectorial-Encryption-CPU/db/altsyncram_jtl2.tdf Line: 50
Info (12021): Found 1 design units, including 1 entities, in source file db/decode_61a.tdf
    Info (12023): Found entity 1: decode_61a File: C:/Users/mario/Documents/GitHub/Vectorial-Encryption-CPU/db/decode_61a.tdf Line: 23
Info (12128): Elaborating entity "decode_61a" for hierarchy "DataMemory:dataMem_inst|altsyncram:altsyncram_component|altsyncram_jtl2:auto_generated|decode_61a:rden_decode_a" File: C:/Users/mario/Documents/GitHub/Vectorial-Encryption-CPU/db/altsyncram_jtl2.tdf Line: 52
Info (12021): Found 1 design units, including 1 entities, in source file db/mux_tfb.tdf
    Info (12023): Found entity 1: mux_tfb File: C:/Users/mario/Documents/GitHub/Vectorial-Encryption-CPU/db/mux_tfb.tdf Line: 23
Info (12128): Elaborating entity "mux_tfb" for hierarchy "DataMemory:dataMem_inst|altsyncram:altsyncram_component|altsyncram_jtl2:auto_generated|mux_tfb:mux4" File: C:/Users/mario/Documents/GitHub/Vectorial-Encryption-CPU/db/altsyncram_jtl2.tdf Line: 54
Warning (12241): 1 hierarchies have connectivity warnings - see the Connectivity Checks report folder
Info (144001): Generated suppressed messages file C:/Users/mario/Documents/GitHub/Vectorial-Encryption-CPU/output_files/procesador.map.smsg
Info: Quartus Prime Analysis & Elaboration was successful. 0 errors, 5 warnings
    Info: Peak virtual memory: 4797 megabytes
    Info: Processing ended: Wed Sep 25 03:10:27 2024
    Info: Elapsed time: 00:00:08
    Info: Total CPU time (on all processors): 00:00:07


+--------------------------------------------+
; Analysis & Elaboration Suppressed Messages ;
+--------------------------------------------+
The suppressed messages can be found in C:/Users/mario/Documents/GitHub/Vectorial-Encryption-CPU/output_files/procesador.map.smsg.


